<?xml version="1.0" encoding="UTF-8" ?>
<testsuite 
errors="0" failures="0" hostname="gmf2d-456" name="GoogleSpec" tests="2" time="2.256" timestamp="2018-03-28T14:41:05">
  <properties>
[...]
</properties>
  <testcase 
  name="Google should have a search field" classname="GoogleSpec" time="2.022">
</testcase>
  <testcase 
  name="Google should have a 'Google Search' button" classname="GoogleSpec" time="2.221">
</testcase>
  <system-out><![CDATA[]]></system-out>
  <system-err><![CDATA[]]></system-err>
</testsuite>
